[35m[Appium][39m Welcome to Appium v1.22.3
[35m[Appium][39m Non-default server args:
[35m[Appium][39m   port: 52688
[35m[Appium][39m   tmpDir: C:\Users\novin\AppData\Local\Temp\\Katalon\Appium\Temp1677777393994
[35m[Appium][39m   chromedriverPort: 52689
[35m[Appium][39m Deprecated server args:
[35m[Appium][39m   [31m--chromedriver-port[39m => --default-capabilities
[35m[Appium][39m Default capabilities, which will be added to each request unless overridden by desired capabilities:
[35m[Appium][39m   chromedriverPort: 52689
[35m[Appium][39m Appium REST http interface listener started on 0.0.0.0:52688
[35m[HTTP][39m [37m-->[39m [37mGET[39m [37m/wd/hub/status[39m
[35m[HTTP][39m [90m{}[39m
[debug] [35m[GENERIC][39m Calling AppiumDriver.getStatus() with args: []
[debug] [35m[GENERIC][39m Responding to client with driver.getStatus() result: {"build":{"version":"1.22.3"}}
[35m[HTTP][39m [37m<-- GET /wd/hub/status [39m[32m200[39m [90m10 ms - 68[39m
[35m[HTTP][39m [90m[39m
[35m[HTTP][39m [37m-->[39m [37mGET[39m [37m/wd/hub/status[39m
[35m[HTTP][39m [90m{}[39m
[debug] [35m[GENERIC][39m Calling AppiumDriver.getStatus() with args: []
[debug] [35m[GENERIC][39m Responding to client with driver.getStatus() result: {"build":{"version":"1.22.3"}}
[35m[HTTP][39m [37m<-- GET /wd/hub/status [39m[32m200[39m [90m3 ms - 68[39m
[35m[HTTP][39m [90m[39m
[35m[HTTP][39m [37m-->[39m [37mPOST[39m [37m/wd/hub/session[39m
[35m[HTTP][39m [90m{"desiredCapabilities":{"app":"C:\\Users\\novin\\Downloads\\app-release.apk","appWaitforLaunch":false,"noReset":true,"appWaitActivity":"*","deviceId":"emulator-5554","deviceName":"emulator-5554 (SM-G988N - Android 9)","fullReset":false,"platform":"ANDROID","newCommandTimeout":1800,"platformVersion":"9","automationName":"uiautomator2","autoGrantPermissions":true,"platformName":"Android","udid":"emulator-5554","systemPort":52696},"capabilities":{"firstMatch":[{"appium:app":"C:\\Users\\novin\\Downloads\\app-release.apk","appium:appWaitActivity":"*","appWaitforLaunch":false,"appium:autoGrantPermissions":true,"appium:automationName":"uiautomator2","deviceId":"emulator-5554","appium:deviceName":"emulator-5554 (SM-G988N - Android 9)","appium:fullReset":false,"appium:newCommandTimeout":1800,"appium:noReset":true,"platform":"ANDROID","platformName":"android","appium:platformVersion":"9","appium:systemPort":52696,"appium:udid":"emulator-5554"}]}}[39m
[debug] [35m[W3C][39m Calling AppiumDriver.createSession() with args: [{"app":"C:\\Users\\novin\\Downloads\\app-release.apk","appWaitforLaunch":false,"noReset":true,"appWaitActivity":"*","deviceId":"emulator-5554","deviceName":"emulator-5554 (SM-G988N - Android 9)","fullReset":false,"platform":"ANDROID","newCommandTimeout":1800,"platformVersion":"9","automationName":"uiautomator2","autoGrantPermissions":true,"platformName":"Android","udid":"emulator-5554","systemPort":52696},null,{"firstMatch":[{"appium:app":"C:\\Users\\novin\\Downloads\\app-release.apk","appium:appWaitActivity":"*","appWaitforLaunch":false,"appium:autoGrantPermissions":true,"appium:automationName":"uiautomator2","deviceId":"emulator-5554","appium:deviceName":"emulator-5554 (SM-G988N - Android 9)","appium:fullReset":false,"appium:newCommandTimeout":1800,"appium:noReset":true,"platform":"ANDROID","platformName":"android","appium:platformVersion":"9","appium:systemPort":52696,"appium:udid":"emulator-5554"}]}]
[debug] [35m[BaseDriver][39m Event 'newSessionRequested' logged at 1677777397133 (00:16:37 GMT+0700 (Western Indonesia Time))
[35m[BaseDriver][39m The following capabilities are not standard capabilities and should have an extension prefix:
[35m[BaseDriver][39m   appWaitforLaunch
[35m[BaseDriver][39m   deviceId
[35m[BaseDriver][39m   platform
[35m[BaseDriver][39m   chromedriverPort
[35m[Appium][39m Appium v1.22.3 creating new AndroidUiautomator2Driver (v1.70.1) session
[debug] [35m[BaseDriver][39m W3C capabilities and MJSONWP desired capabilities were provided
[debug] [35m[BaseDriver][39m Creating session with W3C capabilities: {
[debug] [35m[BaseDriver][39m   "alwaysMatch": {
[debug] [35m[BaseDriver][39m     "appium:appWaitforLaunch": false,
[debug] [35m[BaseDriver][39m     "appium:deviceId": "emulator-5554",
[debug] [35m[BaseDriver][39m     "appium:platform": "ANDROID",
[debug] [35m[BaseDriver][39m     "platformName": "android",
[debug] [35m[BaseDriver][39m     "appium:chromedriverPort": 52689,
[debug] [35m[BaseDriver][39m     "appium:app": "C:\\Users\\novin\\Downloads\\app-release.apk",
[debug] [35m[BaseDriver][39m     "appium:appWaitActivity": "*",
[debug] [35m[BaseDriver][39m     "appium:autoGrantPermissions": true,
[debug] [35m[BaseDriver][39m     "appium:automationName": "uiautomator2",
[debug] [35m[BaseDriver][39m     "appium:deviceName": "emulator-5554 (SM-G988N - Android 9)",
[debug] [35m[BaseDriver][39m     "appium:fullReset": false,
[debug] [35m[BaseDriver][39m     "appium:newCommandTimeout": 1800,
[debug] [35m[BaseDriver][39m     "appium:noReset": true,
[debug] [35m[BaseDriver][39m     "appium:platformVersion": "9",
[debug] [35m[BaseDriver][39m     "appium:systemPort": 52696,
[debug] [35m[BaseDriver][39m     "appium:udid": "emulator-5554"
[debug] [35m[BaseDriver][39m   },
[debug] [35m[BaseDriver][39m   "firstMatch": [
[debug] [35m[BaseDriver][39m     {}
[debug] [35m[BaseDriver][39m   ]
[debug] [35m[BaseDriver][39m }
[35m[BaseDriver][39m The following capabilities were provided, but are not recognized by Appium:
[35m[BaseDriver][39m   appWaitforLaunch
[35m[BaseDriver][39m   deviceId
[35m[BaseDriver][39m   platform
[35m[BaseDriver][39m Session created with session id: 124b19e0-5e7c-4269-a730-d826a692bd50
[35m[BaseDriver][39m Using local app 'C:\Users\novin\Downloads\app-release.apk'
[debug] [35m[UiAutomator2][39m Checking whether app is actually present
[35m[ADB][39m Found 1 'build-tools' folders under 'C:\Users\novin\AppData\Local\Android\sdk' (newest first):
[35m[ADB][39m     C:/Users/novin/AppData/Local/Android/sdk/build-tools/25.0.3
[35m[ADB][39m Using 'adb.exe' from 'C:\Users\novin\AppData\Local\Android\sdk\platform-tools\adb.exe'
[debug] [35m[ADB][39m Running 'C:\Users\novin\AppData\Local\Android\sdk\platform-tools\adb.exe -P 5037 start-server'
[35m[AndroidDriver][39m Retrieving device list
[debug] [35m[ADB][39m Trying to find a connected android device
[debug] [35m[ADB][39m Getting connected devices
[debug] [35m[ADB][39m Connected devices: [{"udid":"emulator-5554","state":"device"}]
[35m[AndroidDriver][39m Using device: emulator-5554
[35m[ADB][39m Using 'adb.exe' from 'C:\Users\novin\AppData\Local\Android\sdk\platform-tools\adb.exe'
[debug] [35m[ADB][39m Running 'C:\Users\novin\AppData\Local\Android\sdk\platform-tools\adb.exe -P 5037 start-server'
[debug] [35m[ADB][39m Setting device id to emulator-5554
[debug] [35m[ADB][39m Running 'C:\Users\novin\AppData\Local\Android\sdk\platform-tools\adb.exe -P 5037 -s emulator-5554 shell getprop ro.build.version.sdk'
[debug] [35m[ADB][39m Current device property 'ro.build.version.sdk': 28
[35m[ADB][39m Getting device platform version
[debug] [35m[ADB][39m Running 'C:\Users\novin\AppData\Local\Android\sdk\platform-tools\adb.exe -P 5037 -s emulator-5554 shell getprop ro.build.version.release'
[debug] [35m[ADB][39m Current device property 'ro.build.version.release': 9
[debug] [35m[ADB][39m Device API level: 28
[35m[UiAutomator2][39m Relaxing hidden api policy
[debug] [35m[ADB][39m Running 'C:\Users\novin\AppData\Local\Android\sdk\platform-tools\adb.exe -P 5037 -s emulator-5554 shell 'settings put global hidden_api_policy_pre_p_apps 1;settings put global hidden_api_policy_p_apps 1;settings put global hidden_api_policy 1''
[debug] [35m[AndroidDriver][39m Parsing package and activity from app manifest
[35m[ADB][39m Package name: 'id.binar.fp.secondhand'
[35m[ADB][39m Main activity name: 'id.binar.fp.secondhand.ui.main.MainActivity'
[debug] [35m[AndroidDriver][39m Parsed package and activity are: id.binar.fp.secondhand/id.binar.fp.secondhand.ui.main.MainActivity
[debug] [35m[ADB][39m Running 'C:\Users\novin\AppData\Local\Android\sdk\platform-tools\adb.exe -P 5037 -s emulator-5554 wait-for-device'
[debug] [35m[ADB][39m Running 'C:\Users\novin\AppData\Local\Android\sdk\platform-tools\adb.exe -P 5037 -s emulator-5554 shell echo ping'
[debug] [35m[AndroidDriver][39m Pushing settings apk to device...
[debug] [35m[ADB][39m Getting install status for io.appium.settings
[debug] [35m[ADB][39m Running 'C:\Users\novin\AppData\Local\Android\sdk\platform-tools\adb.exe -P 5037 -s emulator-5554 shell dumpsys package io.appium.settings'
[debug] [35m[ADB][39m 'io.appium.settings' is installed
[debug] [35m[ADB][39m Getting package info for 'io.appium.settings'
[debug] [35m[ADB][39m Running 'C:\Users\novin\AppData\Local\Android\sdk\platform-tools\adb.exe -P 5037 -s emulator-5554 shell dumpsys package io.appium.settings'
[debug] [35m[ADB][39m The version name of the installed 'io.appium.settings' is greater or equal to the application version name ('3.4.0' >= '3.4.0')
[debug] [35m[ADB][39m There is no need to install/upgrade 'C:\Users\novin\AppData\Roaming\npm\node_modules\appium\node_modules\io.appium.settings\apks\settings_apk-debug.apk'
[debug] [35m[ADB][39m Getting IDs of all 'io.appium.settings' processes
[debug] [35m[ADB][39m Running 'C:\Users\novin\AppData\Local\Android\sdk\platform-tools\adb.exe -P 5037 -s emulator-5554 shell 'pgrep --help; echo $?''
[debug] [35m[ADB][39m Running 'C:\Users\novin\AppData\Local\Android\sdk\platform-tools\adb.exe -P 5037 -s emulator-5554 shell pgrep -f \(\[\[:blank:\]\]\|\^\)io\.appium\.settings\(\[\[:blank:\]\]\|\$\)'
[debug] [35m[AndroidDriver][39m io.appium.settings is already running. There is no need to reset its permissions.
[debug] [35m[Logcat][39m Starting logs capture with command: C:\\Users\\novin\\AppData\\Local\\Android\\sdk\\platform-tools\\adb.exe -P 5037 -s emulator-5554 logcat -v threadtime
[debug] [35m[UiAutomator2][39m Forwarding UiAutomator2 Server port 6790 to local port 52696
[debug] [35m[ADB][39m Forwarding system: 52696 to device: 6790
[debug] [35m[ADB][39m Running 'C:\Users\novin\AppData\Local\Android\sdk\platform-tools\adb.exe -P 5037 -s emulator-5554 forward tcp:52696 tcp:6790'
[debug] [35m[ADB][39m Getting install status for io.appium.uiautomator2.server
[debug] [35m[ADB][39m Running 'C:\Users\novin\AppData\Local\Android\sdk\platform-tools\adb.exe -P 5037 -s emulator-5554 shell dumpsys package io.appium.uiautomator2.server'
[debug] [35m[ADB][39m 'io.appium.uiautomator2.server' is installed
[debug] [35m[ADB][39m Getting package info for 'io.appium.uiautomator2.server'
[debug] [35m[ADB][39m Running 'C:\Users\novin\AppData\Local\Android\sdk\platform-tools\adb.exe -P 5037 -s emulator-5554 shell dumpsys package io.appium.uiautomator2.server'
[debug] [35m[ADB][39m The version name of the installed 'io.appium.uiautomator2.server' is greater or equal to the application version name ('4.27.0' >= '4.27.0')
[debug] [35m[UiAutomator2][39m io.appium.uiautomator2.server installation state: sameVersionInstalled
[debug] [35m[ADB][39m Checking app cert for C:\Users\novin\AppData\Roaming\npm\node_modules\appium\node_modules\appium-uiautomator2-server\apks\appium-uiautomator2-server-v4.27.0.apk
[35m[ADB][39m Using 'apksigner.jar' from 'C:\Users\novin\AppData\Local\Android\sdk\build-tools\25.0.3\lib\apksigner.jar'
[debug] [35m[ADB][39m Starting apksigner: C:\\Katalon_Studio_Windows_64-8.5.5\\Katalon_Studio_Windows_64-8.5.5\\jre\\bin\\java.exe -Xmx1024M -Xss1m -jar C:\\Users\\novin\\AppData\\Local\\Android\\sdk\\build-tools\\25.0.3\\lib\\apksigner.jar verify --print-certs C:\\Users\\novin\\AppData\\Roaming\\npm\\node_modules\\appium\\node_modules\\appium-uiautomator2-server\\apks\\appium-uiautomator2-server-v4.27.0.apk
[debug] [35m[ADB][39m apksigner stdout: Signer #1 certificate DN: EMAILADDRESS=android@android.com, CN=Android, OU=Android, O=Android, L=Mountain View, ST=California, C=US
[debug] [35m[ADB][39m Signer #1 certificate SHA-256 digest: a40da80a59d170caa950cf15c18c454d47a39b26989d8b640ecd745ba71bf5dc
[debug] [35m[ADB][39m Signer #1 certificate SHA-1 digest: 61ed377e85d386a8dfee6b864bd85b0bfaa5af81
[debug] [35m[ADB][39m Signer #1 certificate MD5 digest: e89b158e4bcf988ebd09eb83f5378e87
[debug] [35m[ADB][39m 
[debug] [35m[ADB][39m sha256 hash did match for 'appium-uiautomator2-server-v4.27.0.apk'
[35m[ADB][39m 'C:\Users\novin\AppData\Roaming\npm\node_modules\appium\node_modules\appium-uiautomator2-server\apks\appium-uiautomator2-server-v4.27.0.apk' is signed with the default certificate
[debug] [35m[ADB][39m Getting install status for io.appium.uiautomator2.server.test
[debug] [35m[ADB][39m Running 'C:\Users\novin\AppData\Local\Android\sdk\platform-tools\adb.exe -P 5037 -s emulator-5554 shell dumpsys package io.appium.uiautomator2.server.test'
[debug] [35m[ADB][39m 'io.appium.uiautomator2.server.test' is installed
[debug] [35m[ADB][39m Checking app cert for C:\Users\novin\AppData\Roaming\npm\node_modules\appium\node_modules\appium-uiautomator2-server\apks\appium-uiautomator2-server-debug-androidTest.apk
[debug] [35m[ADB][39m Starting apksigner: C:\\Katalon_Studio_Windows_64-8.5.5\\Katalon_Studio_Windows_64-8.5.5\\jre\\bin\\java.exe -Xmx1024M -Xss1m -jar C:\\Users\\novin\\AppData\\Local\\Android\\sdk\\build-tools\\25.0.3\\lib\\apksigner.jar verify --print-certs C:\\Users\\novin\\AppData\\Roaming\\npm\\node_modules\\appium\\node_modules\\appium-uiautomator2-server\\apks\\appium-uiautomator2-server-debug-androidTest.apk
[debug] [35m[ADB][39m apksigner stdout: Signer #1 certificate DN: EMAILADDRESS=android@android.com, CN=Android, OU=Android, O=Android, L=Mountain View, ST=California, C=US
[debug] [35m[ADB][39m Signer #1 certificate SHA-256 digest: a40da80a59d170caa950cf15c18c454d47a39b26989d8b640ecd745ba71bf5dc
[debug] [35m[ADB][39m Signer #1 certificate SHA-1 digest: 61ed377e85d386a8dfee6b864bd85b0bfaa5af81
[debug] [35m[ADB][39m Signer #1 certificate MD5 digest: e89b158e4bcf988ebd09eb83f5378e87
[debug] [35m[ADB][39m 
[debug] [35m[ADB][39m sha256 hash did match for 'appium-uiautomator2-server-debug-androidTest.apk'
[35m[ADB][39m 'C:\Users\novin\AppData\Roaming\npm\node_modules\appium\node_modules\appium-uiautomator2-server\apks\appium-uiautomator2-server-debug-androidTest.apk' is signed with the default certificate
[35m[UiAutomator2][39m Server packages are not going to be (re)installed
[debug] [35m[UiAutomator2][39m Waiting up to 30000ms for services to be available
[debug] [35m[ADB][39m Running 'C:\Users\novin\AppData\Local\Android\sdk\platform-tools\adb.exe -P 5037 -s emulator-5554 shell pm list instrumentation'
[debug] [35m[UiAutomator2][39m Instrumentation target 'io.appium.uiautomator2.server.test/androidx.test.runner.AndroidJUnitRunner' is available
[35m[ADB][39m Adding packages ["io.appium.settings","io.appium.uiautomator2.server","io.appium.uiautomator2.server.test"] to Doze whitelist
[debug] [35m[ADB][39m Got the following command chunks to execute: [["dumpsys","deviceidle","whitelist","+io.appium.settings",";","dumpsys","deviceidle","whitelist","+io.appium.uiautomator2.server",";","dumpsys","deviceidle","whitelist","+io.appium.uiautomator2.server.test",";"]]
[debug] [35m[ADB][39m Running 'C:\Users\novin\AppData\Local\Android\sdk\platform-tools\adb.exe -P 5037 -s emulator-5554 shell dumpsys deviceidle whitelist +io.appium.settings ; dumpsys deviceidle whitelist +io.appium.uiautomator2.server ; dumpsys deviceidle whitelist +io.appium.uiautomator2.server.test ;'
[debug] [35m[ADB][39m Checking app cert for C:\Users\novin\Downloads\app-release.apk
[debug] [35m[ADB][39m Starting apksigner: C:\\Katalon_Studio_Windows_64-8.5.5\\Katalon_Studio_Windows_64-8.5.5\\jre\\bin\\java.exe -Xmx1024M -Xss1m -jar C:\\Users\\novin\\AppData\\Local\\Android\\sdk\\build-tools\\25.0.3\\lib\\apksigner.jar verify --print-certs C:\\Users\\novin\\Downloads\\app-release.apk
[debug] [35m[ADB][39m apksigner stdout: Signer #1 certificate DN: CN=Kelompok 5, O=Binar Academy
[debug] [35m[ADB][39m Signer #1 certificate SHA-256 digest: 81008e610eb53c697dc76adc53a427bafb55e87257b373a19f171f60e2aeba09
[debug] [35m[ADB][39m Signer #1 certificate SHA-1 digest: eaefdd044fefc2b532823c297be0688b0d024d41
[debug] [35m[ADB][39m Signer #1 certificate MD5 digest: 650a4fb6c05cdc436c312745ada206c1
[debug] [35m[ADB][39m 
[35m[ADB][39m 'C:\Users\novin\Downloads\app-release.apk' is signed with a non-default certificate
[debug] [35m[ADB][39m Getting install status for id.binar.fp.secondhand
[debug] [35m[ADB][39m Running 'C:\Users\novin\AppData\Local\Android\sdk\platform-tools\adb.exe -P 5037 -s emulator-5554 shell dumpsys package id.binar.fp.secondhand'
[debug] [35m[ADB][39m 'id.binar.fp.secondhand' is not installed
[debug] [35m[ADB][39m App 'C:\Users\novin\Downloads\app-release.apk' is not installed
[debug] [35m[ADB][39m Installing 'C:\Users\novin\Downloads\app-release.apk'
[debug] [35m[ADB][39m Running 'C:\Users\novin\AppData\Local\Android\sdk\platform-tools\adb.exe -P 5037 -s emulator-5554 help'
[debug] [35m[ADB][39m Running 'C:\Users\novin\AppData\Local\Android\sdk\platform-tools\adb.exe -P 5037 -s emulator-5554 shell 'ls -t -1 /data/local/tmp/appium_cache 2>&1 || echo _ERROR_''
[debug] [35m[ADB][39m The count of applications in the cache: 4
[35m[ADB][39m Caching the application at 'C:\Users\novin\Downloads\app-release.apk' to '/data/local/tmp/appium_cache/733521cf26ff4d3e8984a9e5aa6d1be88a3d5cd0.apk'
[debug] [35m[ADB][39m Running 'C:\Users\novin\AppData\Local\Android\sdk\platform-tools\adb.exe -P 5037 -s emulator-5554 shell mkdir -p /data/local/tmp/appium_cache'
[debug] [35m[ADB][39m Running 'C:\Users\novin\AppData\Local\Android\sdk\platform-tools\adb.exe -P 5037 -s emulator-5554 push C:\Users\novin\Downloads\app-release.apk /data/local/tmp/appium_cache/733521cf26ff4d3e8984a9e5aa6d1be88a3d5cd0.apk'
[35m[ADB][39m The upload of 'app-release.apk' (2.86 MB) took 298ms
[debug] [35m[ADB][39m Running 'C:\Users\novin\AppData\Local\Android\sdk\platform-tools\adb.exe -P 5037 -s emulator-5554 shell pm install -g /data/local/tmp/appium_cache/733521cf26ff4d3e8984a9e5aa6d1be88a3d5cd0.apk'
[35m[ADB][39m The installation of 'app-release.apk' took 1167ms
[debug] [35m[ADB][39m Install command stdout: Success
[debug] [35m[UiAutomator2][39m Performing shallow cleanup of automation leftovers
[debug] [35m[UiAutomator2][39m No obsolete sessions have been detected (read ECONNRESET)
[debug] [35m[ADB][39m Running 'C:\Users\novin\AppData\Local\Android\sdk\platform-tools\adb.exe -P 5037 -s emulator-5554 shell am force-stop io.appium.uiautomator2.server.test'
[35m[UiAutomator2][39m Starting UIAutomator2 server 4.27.0
[35m[UiAutomator2][39m Using UIAutomator2 server from 'C:\Users\novin\AppData\Roaming\npm\node_modules\appium\node_modules\appium-uiautomator2-server\apks\appium-uiautomator2-server-v4.27.0.apk' and test from 'C:\Users\novin\AppData\Roaming\npm\node_modules\appium\node_modules\appium-uiautomator2-server\apks\appium-uiautomator2-server-debug-androidTest.apk'
[35m[UiAutomator2][39m Waiting up to 30000ms for UiAutomator2 to be online...
[debug] [35m[ADB][39m Creating ADB subprocess with args: ["-P",5037,"-s","emulator-5554","shell","am","instrument","-w","-e","disableAnalytics",true,"io.appium.uiautomator2.server.test/androidx.test.runner.AndroidJUnitRunner"]
[debug] [35m[WD Proxy][39m Matched '/status' to command name 'getStatus'
[debug] [35m[WD Proxy][39m Proxying [GET /status] to [GET http://127.0.0.1:52696/wd/hub/status] with no body
[35m[WD Proxy][39m Error: read ECONNRESET
[35m[WD Proxy][39m     at TCP.onStreamRead (node:internal/stream_base_commons:217:20)
[debug] [35m[WD Proxy][39m Matched '/status' to command name 'getStatus'
[debug] [35m[WD Proxy][39m Proxying [GET /status] to [GET http://127.0.0.1:52696/wd/hub/status] with no body
[35m[WD Proxy][39m Error: read ECONNRESET
[35m[WD Proxy][39m     at TCP.onStreamRead (node:internal/stream_base_commons:217:20)
[debug] [35m[Instrumentation][39m io.appium.uiautomator2.server.test.AppiumUiAutomator2Server:
[debug] [35m[WD Proxy][39m Matched '/status' to command name 'getStatus'
[debug] [35m[WD Proxy][39m Proxying [GET /status] to [GET http://127.0.0.1:52696/wd/hub/status] with no body
[35m[WD Proxy][39m Error: read ECONNRESET
[35m[WD Proxy][39m     at TCP.onStreamRead (node:internal/stream_base_commons:217:20)
[debug] [35m[WD Proxy][39m Matched '/status' to command name 'getStatus'
[debug] [35m[WD Proxy][39m Proxying [GET /status] to [GET http://127.0.0.1:52696/wd/hub/status] with no body
[35m[WD Proxy][39m Error: read ECONNRESET
[35m[WD Proxy][39m     at TCP.onStreamRead (node:internal/stream_base_commons:217:20)
[debug] [35m[WD Proxy][39m Matched '/status' to command name 'getStatus'
[debug] [35m[WD Proxy][39m Proxying [GET /status] to [GET http://127.0.0.1:52696/wd/hub/status] with no body
[debug] [35m[WD Proxy][39m Got response with status 200: {"sessionId":"None","value":{"message":"UiAutomator2 Server is ready to accept commands","ready":true}}
[debug] [35m[UiAutomator2][39m The initialization of the instrumentation process took 4137ms
[debug] [35m[WD Proxy][39m Matched '/session' to command name 'createSession'
[debug] [35m[WD Proxy][39m Proxying [POST /session] to [POST http://127.0.0.1:52696/wd/hub/session] with body: {"capabilities":{"firstMatch":[{"platform":"ANDROID","webStorageEnabled":false,"takesScreenshot":true,"javascriptEnabled":true,"databaseEnabled":false,"networkConnectionEnabled":true,"locationContextEnabled":false,"warnings":{},"desired":{"platformName":"android","appWaitforLaunch":false,"deviceId":"emulator-5554","platform":"ANDROID","chromedriverPort":52689,"app":"C:\\Users\\novin\\Downloads\\app-release.apk","appWaitActivity":"*","autoGrantPermissions":true,"automationName":"uiautomator2","deviceName":"emulator-5554 (SM-G988N - Android 9)","fullReset":false,"newCommandTimeout":1800,"noReset":true,"platformVersion":"9","systemPort":52696,"udid":"emulator-5554"},"platformName":"android","appWaitforLaunch":false,"deviceId":"emulator-5554","chromedriverPort":52689,"app":"C:\\Users\\novin\\Downloads\\app-release.apk","appWaitActivity":"*","autoGrantPermissions":true,"automationName":"uiautomator2","deviceName":"emulator-5554","fullReset":false,"newCommandTimeout":1800,"noReset":true,"platformVersion":"9","sy...
[debug] [35m[WD Proxy][39m Got response with status 200: {"sessionId":"facf81be-643f-46c7-916c-17cea705dc9e","value":{"capabilities":{"firstMatch":[{"platform":"ANDROID","webStorageEnabled":false,"takesScreenshot":true,"javascriptEnabled":true,"databaseEnabled":false,"networkConnectionEnabled":true,"locationContextEnabled":false,"warnings":{},"desired":{"platformName":"android","appWaitforLaunch":false,"deviceId":"emulator-5554","platform":"ANDROID","chromedriverPort":52689,"app":"C:\\Users\\novin\\Downloads\\app-release.apk","appWaitActivity":"*","autoGrantPermissions":true,"automationName":"uiautomator2","deviceName":"emulator-5554 (SM-G988N - Android 9)","fullReset":false,"newCommandTimeout":1800,"noReset":true,"platformVersion":"9","systemPort":52696,"udid":"emulator-5554"},"platformName":"android","appWaitforLaunch":false,"deviceId":"emulator-5554","chromedriverPort":52689,"app":"C:\\Users\\novin\\Downloads\\app-release.apk","appWaitActivity":"*","autoGrantPermissions":true,"automationName":"uiautomator2","deviceName":"emulator-5554","fullReset":false,"newC...
[35m[WD Proxy][39m Determined the downstream protocol as 'W3C'
[debug] [35m[WD Proxy][39m Proxying [GET /appium/device/info] to [GET http://127.0.0.1:52696/wd/hub/session/facf81be-643f-46c7-916c-17cea705dc9e/appium/device/info] with no body
[debug] [35m[WD Proxy][39m Got response with status 200: {"sessionId":"facf81be-643f-46c7-916c-17cea705dc9e","value":{"androidId":"e4f813669e8f2d8b","apiVersion":"28","bluetooth":{"state":"OFF"},"brand":"samsung","carrierName":"T-Mobile","displayDensity":240,"locale":"en_US","manufacturer":"samsung","model":"SM-G988N","networks":[{"capabilities":{"SSID":null,"linkDownBandwidthKbps":100000,"linkUpstreamBandwidthKbps":100000,"networkCapabilities":"NET_CAPABILITY_NOT_METERED,NET_CAPABILITY_INTERNET,NET_CAPABILITY_NOT_RESTRICTED,NET_CAPABILITY_TRUSTED,NET_CAPABILITY_NOT_VPN,NET_CAPABILITY_VALIDATED,NET_CAPABILITY_NOT_ROAMING,NET_CAPABILITY_FOREGROUND,NET_CAPABILITY_NOT_CONGESTED,NET_CAPABILITY_NOT_SUSPENDED","signalStrength":-2147483648,"transportTypes":"TRANSPORT_ETHERNET"},"detailedState":"CONNECTED","extraInfo":"08:00:27:0e:38:b3","isAvailable":true,"isConnected":true,"isFailover":false,"isRoaming":false,"state":"CONNECTED","subtype":0,"subtypeName":"","type":1,"typeName":"WIFI"}],"platformVersion":"9","realDisplaySize":"1280x720","timeZone":"Asia/Jakarta"}}
[debug] [35m[ADB][39m Running 'C:\Users\novin\AppData\Local\Android\sdk\platform-tools\adb.exe -P 5037 -s emulator-5554 shell dumpsys window'
[35m[AndroidDriver][39m Screen already unlocked, doing nothing
[35m[UiAutomator2][39m Starting 'id.binar.fp.secondhand/id.binar.fp.secondhand.ui.main.MainActivity and waiting for 'id.binar.fp.secondhand/*'
[debug] [35m[ADB][39m Running 'C:\Users\novin\AppData\Local\Android\sdk\platform-tools\adb.exe -P 5037 -s emulator-5554 shell am start -W -n id.binar.fp.secondhand/id.binar.fp.secondhand.ui.main.MainActivity -S -a android.intent.action.MAIN -c android.intent.category.LAUNCHER -f 0x10200000'
[debug] [35m[ADB][39m Waiting up to 20000ms for activity matching pkg: 'id.binar.fp.secondhand' and activity: '*' to be focused
[debug] [35m[ADB][39m Possible activities, to be checked: '*', 'id.binar.fp.secondhand.*'
[debug] [35m[ADB][39m Getting focused package and activity
[debug] [35m[ADB][39m Running 'C:\Users\novin\AppData\Local\Android\sdk\platform-tools\adb.exe -P 5037 -s emulator-5554 shell dumpsys window windows'
[debug] [35m[ADB][39m Found package: 'id.binar.fp.secondhand' and fully qualified activity name : 'id.binar.fp.secondhand.ui.main.MainActivity'
[debug] [35m[WD Proxy][39m Proxying [GET /appium/device/pixel_ratio] to [GET http://127.0.0.1:52696/wd/hub/session/facf81be-643f-46c7-916c-17cea705dc9e/appium/device/pixel_ratio] with no body
[debug] [35m[WD Proxy][39m Got response with status 200: {"sessionId":"facf81be-643f-46c7-916c-17cea705dc9e","value":1.5}
[debug] [35m[WD Proxy][39m Matched '/appium/device/system_bars' to command name 'getSystemBars'
[debug] [35m[WD Proxy][39m Proxying [GET /appium/device/system_bars] to [GET http://127.0.0.1:52696/wd/hub/session/facf81be-643f-46c7-916c-17cea705dc9e/appium/device/system_bars] with no body
[debug] [35m[WD Proxy][39m Got response with status 200: {"sessionId":"facf81be-643f-46c7-916c-17cea705dc9e","value":{"statusBar":36}}
[debug] [35m[WD Proxy][39m Matched '/window/current/size' to command name 'getWindowSize'
[debug] [35m[WD Proxy][39m Proxying [GET /window/current/size] to [GET http://127.0.0.1:52696/wd/hub/session/facf81be-643f-46c7-916c-17cea705dc9e/window/current/size] with no body
[debug] [35m[WD Proxy][39m Got response with status 200: {"sessionId":"facf81be-643f-46c7-916c-17cea705dc9e","value":{"height":720,"width":1280}}
[35m[Appium][39m New AndroidUiautomator2Driver session created successfully, session 124b19e0-5e7c-4269-a730-d826a692bd50 added to master session list
[debug] [35m[BaseDriver][39m Event 'newSessionStarted' logged at 1677777409749 (00:16:49 GMT+0700 (Western Indonesia Time))
[debug] [35m[W3C (124b19e0)][39m Cached the protocol value 'W3C' for the new session 124b19e0-5e7c-4269-a730-d826a692bd50
[debug] [35m[W3C (124b19e0)][39m Responding to client with driver.createSession() result: {"capabilities":{"platform":"ANDROID","webStorageEnabled":false,"takesScreenshot":true,"javascriptEnabled":true,"databaseEnabled":false,"networkConnectionEnabled":true,"locationContextEnabled":false,"warnings":{},"desired":{"platformName":"android","appWaitforLaunch":false,"deviceId":"emulator-5554","platform":"ANDROID","chromedriverPort":52689,"app":"C:\\Users\\novin\\Downloads\\app-release.apk","appWaitActivity":"*","autoGrantPermissions":true,"automationName":"uiautomator2","deviceName":"emulator-5554 (SM-G988N - Android 9)","fullReset":false,"newCommandTimeout":1800,"noReset":true,"platformVersion":"9","systemPort":52696,"udid":"emulator-5554"},"platformName":"android","appWaitforLaunch":false,"deviceId":"emulator-5554","chromedriverPort":52689,"app":"C:\\Users\\novin\\Downloads\\app-release.apk","appWaitActivity":"*","autoGrantPermissions":true,"automationName":"uiautomator2","deviceName":"emulator-5554","fullReset":false,"newCommandTimeout":1800,"noReset":true,"platformVersion":"9","systemPort":52696...
[35m[HTTP][39m [37m<-- POST /wd/hub/session [39m[32m200[39m [90m12620 ms - 1403[39m
[35m[HTTP][39m [90m[39m
[35m[HTTP][39m [37m-->[39m [37mGET[39m [37m/wd/hub/session/124b19e0-5e7c-4269-a730-d826a692bd50[39m
[35m[HTTP][39m [90m{}[39m
[debug] [35m[W3C (124b19e0)][39m Calling AppiumDriver.getSession() with args: ["124b19e0-5e7c-4269-a730-d826a692bd50"]
[debug] [35m[UiAutomator2][39m Getting session details from server to mix in
[debug] [35m[WD Proxy][39m Matched '/' to command name 'getSession'
[debug] [35m[WD Proxy][39m Proxying [GET /] to [GET http://127.0.0.1:52696/wd/hub/session/facf81be-643f-46c7-916c-17cea705dc9e] with no body
[debug] [35m[WD Proxy][39m Got response with status 200: {"sessionId":"facf81be-643f-46c7-916c-17cea705dc9e","value":{"lastScrollData":null}}
[debug] [35m[W3C (124b19e0)][39m Responding to client with driver.getSession() result: {"platform":"ANDROID","webStorageEnabled":false,"takesScreenshot":true,"javascriptEnabled":true,"databaseEnabled":false,"networkConnectionEnabled":true,"locationContextEnabled":false,"warnings":{},"desired":{"platformName":"android","appWaitforLaunch":false,"deviceId":"emulator-5554","platform":"ANDROID","chromedriverPort":52689,"app":"C:\\Users\\novin\\Downloads\\app-release.apk","appWaitActivity":"*","autoGrantPermissions":true,"automationName":"uiautomator2","deviceName":"emulator-5554 (SM-G988N - Android 9)","fullReset":false,"newCommandTimeout":1800,"noReset":true,"platformVersion":"9","systemPort":52696,"udid":"emulator-5554"},"platformName":"android","appWaitforLaunch":false,"deviceId":"emulator-5554","chromedriverPort":52689,"app":"C:\\Users\\novin\\Downloads\\app-release.apk","appWaitActivity":"*","autoGrantPermissions":true,"automationName":"uiautomator2","deviceName":"emulator-5554","fullReset":false,"newCommandTimeout":1800,"noReset":true,"platformVersion":"9","systemPort":52696,"udid":"emulato...
[35m[HTTP][39m [37m<-- GET /wd/hub/session/124b19e0-5e7c-4269-a730-d826a692bd50 [39m[32m200[39m [90m22 ms - 1357[39m
[35m[HTTP][39m [90m[39m
[35m[HTTP][39m [37m-->[39m [37mGET[39m [37m/wd/hub/session/124b19e0-5e7c-4269-a730-d826a692bd50[39m
[35m[HTTP][39m [90m{}[39m
[debug] [35m[W3C (124b19e0)][39m Calling AppiumDriver.getSession() with args: ["124b19e0-5e7c-4269-a730-d826a692bd50"]
[debug] [35m[UiAutomator2][39m Getting session details from server to mix in
[debug] [35m[WD Proxy][39m Matched '/' to command name 'getSession'
[debug] [35m[WD Proxy][39m Proxying [GET /] to [GET http://127.0.0.1:52696/wd/hub/session/facf81be-643f-46c7-916c-17cea705dc9e] with no body
[debug] [35m[WD Proxy][39m Got response with status 200: {"sessionId":"facf81be-643f-46c7-916c-17cea705dc9e","value":{"lastScrollData":null}}
[debug] [35m[W3C (124b19e0)][39m Responding to client with driver.getSession() result: {"platform":"ANDROID","webStorageEnabled":false,"takesScreenshot":true,"javascriptEnabled":true,"databaseEnabled":false,"networkConnectionEnabled":true,"locationContextEnabled":false,"warnings":{},"desired":{"platformName":"android","appWaitforLaunch":false,"deviceId":"emulator-5554","platform":"ANDROID","chromedriverPort":52689,"app":"C:\\Users\\novin\\Downloads\\app-release.apk","appWaitActivity":"*","autoGrantPermissions":true,"automationName":"uiautomator2","deviceName":"emulator-5554 (SM-G988N - Android 9)","fullReset":false,"newCommandTimeout":1800,"noReset":true,"platformVersion":"9","systemPort":52696,"udid":"emulator-5554"},"platformName":"android","appWaitforLaunch":false,"deviceId":"emulator-5554","chromedriverPort":52689,"app":"C:\\Users\\novin\\Downloads\\app-release.apk","appWaitActivity":"*","autoGrantPermissions":true,"automationName":"uiautomator2","deviceName":"emulator-5554","fullReset":false,"newCommandTimeout":1800,"noReset":true,"platformVersion":"9","systemPort":52696,"udid":"emulato...
[35m[HTTP][39m [37m<-- GET /wd/hub/session/124b19e0-5e7c-4269-a730-d826a692bd50 [39m[32m200[39m [90m16 ms - 1357[39m
[35m[HTTP][39m [90m[39m
[35m[HTTP][39m [37m-->[39m [37mGET[39m [37m/wd/hub/status[39m
[35m[HTTP][39m [90m{}[39m
[debug] [35m[GENERIC][39m Calling AppiumDriver.getStatus() with args: []
[debug] [35m[GENERIC][39m Responding to client with driver.getStatus() result: {"build":{"version":"1.22.3"}}
[35m[HTTP][39m [37m<-- GET /wd/hub/status [39m[32m200[39m [90m2 ms - 68[39m
[35m[HTTP][39m [90m[39m
[35m[HTTP][39m [37m-->[39m [37mPOST[39m [37m/wd/hub/session/124b19e0-5e7c-4269-a730-d826a692bd50/timeouts[39m
[35m[HTTP][39m [90m{"implicit":60000}[39m
[debug] [35m[W3C (124b19e0)][39m Calling AppiumDriver.timeouts() with args: [null,null,null,null,60000,"124b19e0-5e7c-4269-a730-d826a692bd50"]
[debug] [35m[BaseDriver][39m W3C timeout argument: {"implicit":60000}}
[debug] [35m[BaseDriver][39m Set implicit wait to 60000ms
[debug] [35m[W3C (124b19e0)][39m Responding to client with driver.timeouts() result: null
[35m[HTTP][39m [37m<-- POST /wd/hub/session/124b19e0-5e7c-4269-a730-d826a692bd50/timeouts [39m[32m200[39m [90m7 ms - 14[39m
[35m[HTTP][39m [90m[39m
[35m[HTTP][39m [37m-->[39m [37mGET[39m [37m/wd/hub/session/124b19e0-5e7c-4269-a730-d826a692bd50/source[39m
[35m[HTTP][39m [90m{}[39m
[35m[W3C (124b19e0)][39m Driver proxy active, passing request on via HTTP proxy
[debug] [35m[WD Proxy][39m Matched '/wd/hub/session/124b19e0-5e7c-4269-a730-d826a692bd50/source' to command name 'getPageSource'
[debug] [35m[WD Proxy][39m Proxying [GET /wd/hub/session/124b19e0-5e7c-4269-a730-d826a692bd50/source] to [GET http://127.0.0.1:52696/wd/hub/session/facf81be-643f-46c7-916c-17cea705dc9e/source] with no body
[debug] [35m[WD Proxy][39m Got response with status 200: {"sessionId":"facf81be-643f-46c7-916c-17cea705dc9e","value":"<?xml version='1.0' encoding='UTF-8' standalone='yes' ?>\r\n<hierarchy index=\"0\" class=\"hierarchy\" rotation=\"0\" width=\"1280\" height=\"720\">\r\n  <android.widget.FrameLayout index=\"0\" package=\"id.binar.fp.secondhand\" class=\"android.widget.FrameLayout\" text=\"\" checkable=\"false\" checked=\"false\" clickable=\"false\" enabled=\"true\" focusable=\"false\" focused=\"false\" long-clickable=\"false\" password=\"false\" scrollable=\"false\" selected=\"false\" bounds=\"[0,0][1280,720]\" displayed=\"true\">\r\n    <android.widget.LinearLayout index=\"0\" package=\"id.binar.fp.secondhand\" class=\"android.widget.LinearLayout\" text=\"\" checkable=\"false\" checked=\"false\" clickable=\"false\" enabled=\"true\" focusable=\"false\" focused=\"false\" long-clickable=\"false\" password=\"false\" scrollable=\"false\" selected=\"false\" bounds=\"[0,0][1280,720]\" displayed=\"true\">\r\n      <android.widget.FrameLayout index=\"0\" package=\"id.bin...
[35m[WD Proxy][39m Replacing sessionId facf81be-643f-46c7-916c-17cea705dc9e with 124b19e0-5e7c-4269-a730-d826a692bd50
[35m[HTTP][39m [37m<-- GET /wd/hub/session/124b19e0-5e7c-4269-a730-d826a692bd50/source [39m[32m200[39m [90m445 ms - 40711[39m
[35m[HTTP][39m [90m[39m
[35m[HTTP][39m [37m-->[39m [37mGET[39m [37m/wd/hub/session/124b19e0-5e7c-4269-a730-d826a692bd50/screenshot[39m
[35m[HTTP][39m [90m{}[39m
[debug] [35m[W3C (124b19e0)][39m Calling AppiumDriver.getScreenshot() with args: ["124b19e0-5e7c-4269-a730-d826a692bd50"]
[debug] [35m[WD Proxy][39m Matched '/screenshot' to command name 'getScreenshot'
[debug] [35m[WD Proxy][39m Proxying [GET /screenshot] to [GET http://127.0.0.1:52696/wd/hub/session/facf81be-643f-46c7-916c-17cea705dc9e/screenshot] with no body
[debug] [35m[WD Proxy][39m Got response with status 200: {"sessionId":"facf81be-643f-46c7-916c-17cea705dc9e","value":"iVBORw0KGgoAAAANSUhEUgAABQAAAALQCAYAAADPfd1WAAAABHNCSVQICAgIfAhkiAAAIABJREFU\neJzs3XmcluV9L/7PMwsMA8iqIoioIIIIuBtNRNC4YImJPTFNbE7bLO3vxPbUk+TXnjZNmqSNyWl+\naZNmaWKXV3KSmNU2MTbGHTdAjRI2FzaNy7AJMsMyLLM8vz/sTBwZEIZ5wLl9v18vXspz3/f1vZ77\nfv64Xh+u675K5XK5HAAAAACgkKoOdwcAAAAAgMoRAAIAAABAgQkAAQAAAKDABIAAAAAAUGACQAAA\nAAAoMAEgAAAAABRYzeHuAJVRLpdz++23Z+7cuWlqakq5XE6SlEqlJMnYsWPz9re/Paeeeuoh69Pu\n3bvz4osvZvTo0Z39AAAAAKCySuWOZIhCKJfL+cEPfpD77rsvr/VoS6VSamtr8+Uvf7ligVy5XM6u\nXbuyZMmS/PjHP86WLVsyfvz4XHPNNTn66KNTW1tbkboAAAAAvEwA2ItePcuuUtfsq63rrrsuu3bt\n2u9rSqVSPv/5z6empiZ1dXWpquq9VeEbN27M3Llzs3Tp0mzYsKFLIFlVVZXjjz8+Z511Vs4777zU\n19f3Wl0AAAAAfuOQBIDt7e1pbm5OqVRKfX19YZd/NjU15eGHH05LS8t+XzNw4MCce+65qaurO6j7\nUi6Xc+2116a9vf2Ar33ve9+bCy64INddd12++MUvHlQI2NLSkg0bNmTu3LmZN2/efvVnyJAhueyy\nyzJ9+vSMGDGisL8PAAAAgMOhx+8AXLNmTRYvXpxnnnkm1157bbfnbNmyJXfddVceeuihNDU1JUmO\nPPLIXHjhhZk5c2aPln/uT90Ou3fvzsKFC7Ns2bI8++yzOeKII/Jnf/ZnB1xzf333u9/NsmXLXnPp\nbYdSqZSqqqpUV1fnLW95S4/r...
[debug] [35m[W3C (124b19e0)][39m Responding to client with driver.getScreenshot() result: "iVBORw0KGgoAAAANSUhEUgAABQAAAALQCAYAAADPfd1WAAAABHNCSVQICAgIfAhkiAAAIABJREFU\neJzs3XmcluV9L/7PMwsMA8iqIoioIIIIuBtNRNC4YImJPTFNbE7bLO3vxPbUk+TXnjZNmqSNyWl+\naZNmaWKXV3KSmNU2MTbGHTdAjRI2FzaNy7AJMsMyLLM8vz/sTBwZEIZ5wLl9v18vXspz3/f1vZ77\nfv64Xh+u675K5XK5HAAAAACgkKoOdwcAAAAAgMoRAAIAAABAgQkAAQAAAKDABIAAAAAAUGACQAAA\nAAAoMAEgAAAAABRYzeHuAJVRLpdz++23Z+7cuWlqakq5XE6SlEqlJMnYsWPz9re/Paeeeuoh69Pu\n3bvz4osvZvTo0Z39AAAAAKCySuWOZIhCKJfL+cEPfpD77rsvr/VoS6VSamtr8+Uvf7ligVy5XM6u\nXbuyZMmS/PjHP86WLVsyfvz4XHPNNTn66KNTW1tbkboAAAAAvEwA2ItePcuuUtfsq63rrrsuu3bt\n2u9rSqVSPv/5z6empiZ1dXWpquq9VeEbN27M3Llzs3Tp0mzYsKFLIFlVVZXjjz8+Z511Vs4777zU\n19f3Wl0AAAAAfuOQBIDt7e1pbm5OqVRKfX19YZd/NjU15eGHH05LS8t+XzNw4MCce+65qaurO6j7\nUi6Xc+2116a9vf2Ar33ve9+bCy64INddd12++MUvHlQI2NLSkg0bNmTu3LmZN2/efvVnyJAhueyy\nyzJ9+vSMGDGisL8PAAAAgMOhx+8AXLNmTRYvXpxnnnkm1157bbfnbNmyJXfddVceeuihNDU1JUmO\nPPLIXHjhhZk5c2aPln/uT90Ou3fvzsKFC7Ns2bI8++yzOeKII/Jnf/ZnB1xzf333u9/NsmXLXnPp\nbYdSqZSqqqpUV1fnLW95S4/rdsz860n4lyTz58/PBRdckN27d+eGG27Ihz70oR6188ILL+TGG29M\nQ0PDAc...
[35m[HTTP][39m [37m<-- GET /wd/hub/session/124b19e0-5e7c-4269-a730-d826a692bd50/screenshot [39m[32m200[39m [90m212 ms - 60840[39m
[35m[HTTP][39m [90m[39m
[35m[HTTP][39m [37m-->[39m [37mDELETE[39m [37m/wd/hub/session/124b19e0-5e7c-4269-a730-d826a692bd50[39m
[35m[HTTP][39m [90m{}[39m
[debug] [35m[W3C (124b19e0)][39m Calling AppiumDriver.deleteSession() with args: ["124b19e0-5e7c-4269-a730-d826a692bd50"]
[debug] [35m[BaseDriver][39m Event 'quitSessionRequested' logged at 1677777545995 (00:19:05 GMT+0700 (Western Indonesia Time))
[35m[Appium][39m Removing session 124b19e0-5e7c-4269-a730-d826a692bd50 from our master session list
[debug] [35m[UiAutomator2][39m Deleting UiAutomator2 session
[debug] [35m[UiAutomator2][39m Deleting UiAutomator2 server session
[debug] [35m[WD Proxy][39m Matched '/' to command name 'deleteSession'
[debug] [35m[WD Proxy][39m Proxying [DELETE /] to [DELETE http://127.0.0.1:52696/wd/hub/session/facf81be-643f-46c7-916c-17cea705dc9e] with no body
[debug] [35m[WD Proxy][39m Got response with status 200: {"sessionId":"facf81be-643f-46c7-916c-17cea705dc9e","value":null}
[debug] [35m[ADB][39m Running 'C:\Users\novin\AppData\Local\Android\sdk\platform-tools\adb.exe -P 5037 -s emulator-5554 shell am force-stop id.binar.fp.secondhand'
[debug] [35m[Logcat][39m Stopping logcat capture
[debug] [35m[ADB][39m Removing forwarded port socket connection: 52696 
[debug] [35m[ADB][39m Running 'C:\Users\novin\AppData\Local\Android\sdk\platform-tools\adb.exe -P 5037 -s emulator-5554 forward --remove tcp:52696'
[35m[UiAutomator2][39m Restoring hidden api policy to the device default configuration
[debug] [35m[ADB][39m Running 'C:\Users\novin\AppData\Local\Android\sdk\platform-tools\adb.exe -P 5037 -s emulator-5554 shell 'settings delete global hidden_api_policy_pre_p_apps;settings delete global hidden_api_policy_p_apps;settings delete global hidden_api_policy''
[debug] [35m[BaseDriver][39m Event 'quitSessionFinished' logged at 1677777546369 (00:19:06 GMT+0700 (Western Indonesia Time))
[debug] [35m[W3C (124b19e0)][39m Received response: null
[debug] [35m[W3C (124b19e0)][39m But deleting session, so not returning
[debug] [35m[W3C (124b19e0)][39m Responding to client with driver.deleteSession() result: null
[35m[HTTP][39m [37m<-- DELETE /wd/hub/session/124b19e0-5e7c-4269-a730-d826a692bd50 [39m[32m200[39m [90m376 ms - 14[39m
[35m[HTTP][39m [90m[39m
